Flutter crash report; please file at https://github.com/flutter/flutter/issues.

## command

flutter doctor

## exception

FileSystemException: FileSystemException: Cannot open file, path = '/opt/flutter/bin/cache/flutter_version_check.stamp' (OS Error: Permission denied, errno = 13)

```
#0      _File.throwIfError (dart:io/file_impl.dart:643:7)
#1      _File.openSync (dart:io/file_impl.dart:487:5)
#2      _File.writeAsBytesSync (dart:io/file_impl.dart:612:31)
#3      _File.writeAsStringSync (dart:io/file_impl.dart:636:5)
#4      _LocalFile&LocalFileSystemEntity&ForwardingFile.writeAsStringSync (package:file/src/forwarding/forwarding_file.dart:147:16)
#5      Cache.setStampFor (package:flutter_tools/src/cache.dart:176:35)
#6      VersionCheckStamp.store (package:flutter_tools/src/version.dart:453:20)
<asynchronous suspension>
#7      FlutterVersion._getLatestAvailableFlutterDate (package:flutter_tools/src/version.dart:375:31)
<asynchronous suspension>
#8      FlutterVersion.checkFlutterVersionFreshness (package:flutter_tools/src/version.dart:280:52)
<asynchronous suspension>
#9      FlutterCommandRunner.runCommand.<anonymous closure> (package:flutter_tools/src/runner/flutter_command_runner.dart:372:41)
<asynchronous suspension>
#10     AppContext.run.<anonymous closure> (package:flutter_tools/src/base/context.dart:142:29)
<asynchronous suspension>
#11     _rootRun (dart:async/zone.dart:1124:13)
#12     _CustomZone.run (dart:async/zone.dart:1021:19)
#13     _runZoned (dart:async/zone.dart:1516:10)
#14     runZoned (dart:async/zone.dart:1463:12)
#15     AppContext.run (package:flutter_tools/src/base/context.dart:141:18)
<asynchronous suspension>
#16     FlutterCommandRunner.runCommand (package:flutter_tools/src/runner/flutter_command_runner.dart:356:19)
<asynchronous suspension>
#17     CommandRunner.run.<anonymous closure> (package:args/command_runner.dart:111:29)
#18     new Future.sync (dart:async/future.dart:224:31)
#19     CommandRunner.run (package:args/command_runner.dart:111:11)
#20     FlutterCommandRunner.run (package:flutter_tools/src/runner/flutter_command_runner.dart:242:18)
#21     run.<anonymous closure> (package:flutter_tools/runner.dart:60:20)
<asynchronous suspension>
#22     AppContext.run.<anonymous closure> (package:flutter_tools/src/base/context.dart:142:29)
<asynchronous suspension>
#23     _rootRun (dart:async/zone.dart:1124:13)
#24     _CustomZone.run (dart:async/zone.dart:1021:19)
#25     _runZoned (dart:async/zone.dart:1516:10)
#26     runZoned (dart:async/zone.dart:1463:12)
#27     AppContext.run (package:flutter_tools/src/base/context.dart:141:18)
<asynchronous suspension>
#28     runInContext (package:flutter_tools/src/context_runner.dart:48:24)
<asynchronous suspension>
#29     run (package:flutter_tools/runner.dart:51:10)
#30     main (package:flutter_tools/executable.dart:52:9)
<asynchronous suspension>
#31     main (file:///b/rr/tmpx8KOIL/w/archive/flutter/packages/flutter_tools/bin/flutter_tools.dart:8:3)
#32     _startIsolate.<anonymous closure> (dart:isolate/runtime/libisolate_patch.dart:298:32)
#33     _RawReceivePortImpl._handleMessage (dart:isolate/runtime/libisolate_patch.dart:171:12)
```

## flutter doctor

```
[32m[✓][39m Flutter (Channel stable, v1.2.1, on Linux, locale en_US.UTF-8)
    [32m•[39m Flutter version 1.2.1 at /opt/flutter
    [32m•[39m Framework revision 8661d8aecd (4 weeks ago), 2019-02-14 19:19:53 -0800
    [32m•[39m Engine revision 3757390fa4
    [32m•[39m Dart version 2.1.2 (build 2.1.2-dev.0.0 0a7dcf17eb)

[32m[✓][39m Android toolchain - develop for Android devices (Android SDK version 28.0.3)
    [32m•[39m Android SDK at /home/david/Android/Sdk
    [32m•[39m Android NDK location not configured (optional; useful for native profiling support)
    [32m•[39m Platform android-28, build-tools 28.0.3
    [32m•[39m Java binary at: /opt/android-studio/jre/bin/java
    [32m•[39m Java version OpenJDK Runtime Environment (build 1.8.0_152-release-1248-b01)
    [32m•[39m All Android licenses accepted.

[32m[✓][39m Android Studio (version 3.3)
    [32m•[39m Android Studio at /opt/android-studio
    [32m•[39m Flutter plugin version 33.3.1
    [32m•[39m Dart plugin version 182.5215
    [32m•[39m Java version OpenJDK Runtime Environment (build 1.8.0_152-release-1248-b01)

[32m[✓][39m Connected device (1 available)
    [32m•[39m PH 1 • PM1LHMA812002172 • android-arm64 • Android 9 (API 28)

[32m•[39m No issues found!
```
